<?xml version="1.0" encoding="UTF-8"?>
<!-- Generated by org.testng.reporters.JUnitReportReporter -->
<testsuite hostname="DESKTOP-0FRBA1G" failures="0" tests="1" name="testcases.TC001_LoginTest" time="6.687" errors="0" timestamp="2022-05-24T15:47:02 IST" skipped="0">
  <testcase classname="testcases.TC001_LoginTest" name="TC001_Login" time="6.687"/>
  <system-out/>
</testsuite> <!-- testcases.TC001_LoginTest -->
